Arguments: 
  /Users/manus/.nvm/versions/node/v6.13.1/bin/node /Users/manus/.yarn/bin/yarn.js global browser-sync

PATH: 
  /Users/manus/.nvm/versions/node/v6.13.1/bin:/Users/manus/.yarn/bin:/Users/manus/.config/yarn/global/node_modules/.bin:/usr/bin:/bin:/usr/sbin:/sbin:/usr/local/bin:/Users/manus/Library/Android/sdk/platform-tools:/Users/manus/Library/Android/sdk/tools

Yarn version: 
  1.5.1

Node version: 
  6.13.1

Platform: 
  darwin x64

npm manifest: 
  No manifest

yarn manifest: 
  No manifest

Lockfile: 
  No lockfile

Trace: 
  Error: Invalid subcommand. Try "add, bin, dir, ls, list, remove, upgrade, upgrade-interactive"
      at MessageError.Error (native)
      at new MessageError (/Users/manus/.yarn/lib/cli.js:186:110)
      at Object.<anonymous> (/Users/manus/.yarn/lib/cli.js:30362:59)
      at next (native)
      at step (/Users/manus/.yarn/lib/cli.js:98:30)
      at /Users/manus/.yarn/lib/cli.js:116:14
      at Promise.F (/Users/manus/.yarn/lib/cli.js:23451:28)
      at Object.<anonymous> (/Users/manus/.yarn/lib/cli.js:95:12)
      at Object.run (/Users/manus/.yarn/lib/cli.js:30366:19)
      at run (/Users/manus/.yarn/lib/cli.js:89113:20)
